2026-02-15 18:45:29,466 [main] INFO  t.z.D.DigitalFixedDepositSystemApplication.logStarting - Starting DigitalFixedDepositSystemApplication using Java 25.0.2 with PID 34455 (/Users/apritc/Desktop/Digital-Fixed-Deposit-System/backend/target/classes started by apritc in /Users/apritc/Desktop/Digital-Fixed-Deposit-System/backend)
2026-02-15 18:45:29,467 [main] INFO  t.z.D.DigitalFixedDepositSystemApplication.logStartupProfileInfo - No active profile set, falling back to 1 default profile: "default"
2026-02-15 18:45:29,527 [background-preinit] INFO  o.h.validator.internal.util.Version.<clinit> - HV000001: Hibernate Validator 9.0.1.Final
2026-02-15 18:45:29,960 [main] INFO  o.a.coyote.http11.Http11NioProtocol.log - Initializing ProtocolHandler ["http-nio-8080"]
2026-02-15 18:45:29,961 [main] INFO  o.a.catalina.core.StandardService.log - Starting service [Tomcat]
2026-02-15 18:45:29,961 [main] INFO  o.a.catalina.core.StandardEngine.log - Starting Servlet engine: [Apache Tomcat/11.0.15]
2026-02-15 18:45:30,046 [main] INFO  org.hibernate.orm.jpa.logPersistenceUnitInformation - HHH008540: Processing PersistenceUnitInfo [name: default]
2026-02-15 18:45:30,059 [main] INFO  org.hibernate.orm.core.logVersion - HHH000001: Hibernate ORM core version 7.2.1.Final
2026-02-15 18:45:30,191 [main] INFO  com.zaxxer.hikari.HikariDataSource.getConnection - HikariPool-1 - Starting...
2026-02-15 18:45:30,248 [main] INFO  com.zaxxer.hikari.pool.HikariPool.checkFailFast - HikariPool-1 - Added connection org.postgresql.jdbc.PgConnection@4dd752e8
2026-02-15 18:45:30,249 [main] INFO  com.zaxxer.hikari.HikariDataSource.getConnection - HikariPool-1 - Start completed.
2026-02-15 18:45:30,271 [main] INFO  o.hibernate.orm.connections.pooling.logConnectionInfo - HHH10001005: Database info:
	Database JDBC URL [jdbc:postgresql://localhost:5432/Digital_Fixed_Deposit_System_DB]
	Database driver: PostgreSQL JDBC Driver
	Database dialect: PostgreSQLDialect
	Database version: 16.6
	Default catalog/schema: Digital_Fixed_Deposit_System_DB/public
	Autocommit mode: undefined/unknown
	Isolation level: READ_COMMITTED [default READ_COMMITTED]
	JDBC fetch size: none
	Pool: DataSourceConnectionProvider
	Minimum pool size: undefined/unknown
	Maximum pool size: undefined/unknown
2026-02-15 18:45:30,607 [main] INFO  org.hibernate.orm.core.initiateService - HHH000489: No JTA platform available (set 'hibernate.transaction.jta.platform' to enable JTA platform integration)
2026-02-15 18:45:30,742 [main] INFO  t.z.D.config.PasswordConfig.passwordEncoder - PasswordEncoder bean created: bcrypt
2026-02-15 18:45:30,801 [main] INFO  t.z.D.config.WebConfig.corsConfigurationSource - CORS configuration registered
2026-02-15 18:45:30,809 [main] WARN  o.s.b.j.a.JpaBaseConfiguration$JpaWebConfiguration.openEntityManagerInViewInterceptor - spring.jpa.open-in-view is enabled by default. Therefore, database queries may be performed during view rendering. Explicitly configure spring.jpa.open-in-view to disable this warning
2026-02-15 18:45:30,873 [main] INFO  t.z.D.config.security.SecurityConfig.securityFilterChain - Security filter chain configured
2026-02-15 18:45:30,879 [main] INFO  t.z.D.config.security.SecurityConfig.authenticationManager - AuthenticationManager bean created
2026-02-15 18:45:30,976 [main] INFO  o.a.coyote.http11.Http11NioProtocol.log - Starting ProtocolHandler ["http-nio-8080"]
2026-02-15 18:45:30,984 [main] INFO  t.z.D.DigitalFixedDepositSystemApplication.logStarted - Started DigitalFixedDepositSystemApplication in 1.697 seconds (process running for 1.852)
2026-02-15 18:45:30,985 [main] INFO  t.z.D.DigitalFixedDepositSystemApplication.main - Digital Fixed Deposit System Application started successfully
2026-02-15 18:45:34,193 [SpringApplicationShutdownHook] INFO  com.zaxxer.hikari.HikariDataSource.close - HikariPool-1 - Shutdown initiated...
2026-02-15 18:45:34,200 [SpringApplicationShutdownHook] INFO  com.zaxxer.hikari.HikariDataSource.close - HikariPool-1 - Shutdown completed.
